2023-05-20 19:24:46,119 Train config:{'aug': {'center_factor': 0.1,
         'color_factor': 0.2,
         'do_aug': True,
         'do_flip_aug': True,
         'flip_aug_rate': 0.5,
         'mean': array([123.675, 116.28 , 103.53 ]),
         'multiplier': [0.5, 1.0, 1.5, 2, 2.5],
         'rot_aug_rate': 0.6,
         'rot_factor': 15,
         'scale_factor': 0.25,
         'std': array([58.395, 57.12 , 57.375]),
         'use_color_normalize': True},
 'dataiter': {'batch_images_per_ctx': 48, 'threads': 4},
 'dataset': {'benchmark': [''],
             'eval_target': 0,
             'path': '.',
             'test_image_set': ['TEST'],
             'train_image_set': ['TRAIN']},
 'loss': {'ae_expect_dist': 12.0,
          'ae_feat_dim': 1,
          'ae_weight': 1.0,
          'feat_stride': 4,
          'heatmap_type': 'gaussianAE',
          'loss_type': 'L1',
          'sigma': 2,
          'useAE': True,
          'useCenterNet': True},
 'network': {'depth_dim': 1,
             'final_conv_kernel': 1,
             'from_model_zoo': True,
             'head_branch': 2,
             'input_channel': 3,
             'num_deconv_filters': 256,
             'num_deconv_kernel': 4,
             'num_deconv_layers': 3,
             'num_layers': 18,
             'pretrained': ''},
 'optimizer': {'gamma1': 0.99,
               'gamma2': 0.0,
               'lr': 0.001,
               'lr_epoch_step': '90,110',
               'lr_factor': 0.1,
               'momentum': 0.9,
               'optimizer_name': 'adam',
               'wd': 0.0001},
 'pytorch': {'block': 'resnet_pose',
             'frequent': 30,
             'gpus': '0',
             'log_path': '.\\./log/resnet18v1_ft',
             'loss': 'gaussian',
             'output_path': '.\\./model/resnet18v1_ft'},
 'test': {'centerT': 0.5,
          'feat_out': {},
          'fullEval': False,
          'plot': False,
          'rectify': False,
          'useCenter': True,
          'windowT': 0.5},
 'train': {'begin_epoch': 1,
           'end_epoch': 120,
           'model_prefix': 'model',
           'patch_height': 384,
           'patch_width': 384}}

2023-05-20 19:24:46,135 Using Devices: [0]
2023-05-20 19:24:46,136 Defining lable, loss, metric and result
2023-05-20 19:24:46,179 Creating dataset
